<?xml version="1.0" encoding="UTF-8"?>
<!-- Generated by org.testng.reporters.JUnitXMLReporter -->
<testsuite ignored="0" hostname="PC-9" failures="0" tests="10" name="Default test" time="19.591" errors="0" timestamp="2024-08-01T10:52:52 IST">
  <testcase classname="utility_AssignmentTask_BlocksOne.Base_Class" name="@BeforeMethod aopen_Browser" time="19.317">
    <failure type="org.openqa.selenium.NoSuchWindowException" message="no such window: target window already closed
from unknown error: web view not found
  (Session info: chrome=127.0.6533.74)
Build info: version: &amp;apos;4.7.2&amp;apos;, revision: &amp;apos;4d4020c3b7&amp;apos;
System info: os.name: &amp;apos;Windows 10&amp;apos;, os.arch: &amp;apos;amd64&amp;apos;, os.version: &amp;apos;10.0&amp;apos;, java.version: &amp;apos;17.0.2&amp;apos;
Driver info: org.openqa.selenium.chrome.ChromeDriver
Command: [ae7cdc3aa44f8f5bc7e258c3ee12734d, maximizeCurrentWindow {}]
Capabilities {acceptInsecureCerts: false, browserName: chrome, browserVersion: 127.0.6533.74, chrome: {chromedriverVersion: 127.0.6533.88 (a2d0cb026721..., userDataDir: C:\Users\john\AppData\Local...}, fedcm:accounts: true, goog:chromeOptions: {debuggerAddress: localhost:63247}, networkConnectionEnabled: false, pageLoadStrategy: normal, platformName: WINDOWS, proxy: Proxy(), se:cdp: ws://localhost:63247/devtoo..., se:cdpVersion: 127.0.6533.74, setWindowRect: true, strictFileInteractability: false, timeouts: {implicit: 0, pageLoad: 300000, script: 30000}, unhandledPromptBehavior: dismiss and notify, webauthn:extension:credBlob: true, webauthn:extension:largeBlob: true, webauthn:extension:minPinLength: true, webauthn:extension:prf: true, webauthn:virtualAuthenticators: true}
Session ID: ae7cdc3aa44f8f5bc7e258c3ee12734d">
      <![CDATA[org.openqa.selenium.NoSuchWindowException: no such window: target window already closed
from unknown error: web view not found
  (Session info: chrome=127.0.6533.74)
Build info: version: '4.7.2', revision: '4d4020c3b7'
System info: os.name: 'Windows 10', os.arch: 'amd64', os.version: '10.0', java.version: '17.0.2'
Driver info: org.openqa.selenium.chrome.ChromeDriver
Command: [ae7cdc3aa44f8f5bc7e258c3ee12734d, maximizeCurrentWindow {}]
Capabilities {acceptInsecureCerts: false, browserName: chrome, browserVersion: 127.0.6533.74, chrome: {chromedriverVersion: 127.0.6533.88 (a2d0cb026721..., userDataDir: C:\Users\john\AppData\Local...}, fedcm:accounts: true, goog:chromeOptions: {debuggerAddress: localhost:63247}, networkConnectionEnabled: false, pageLoadStrategy: normal, platformName: WINDOWS, proxy: Proxy(), se:cdp: ws://localhost:63247/devtoo..., se:cdpVersion: 127.0.6533.74, setWindowRect: true, strictFileInteractability: false, timeouts: {implicit: 0, pageLoad: 300000, script: 30000}, unhandledPromptBehavior: dismiss and notify, webauthn:extension:credBlob: true, webauthn:extension:largeBlob: true, webauthn:extension:minPinLength: true, webauthn:extension:prf: true, webauthn:virtualAuthenticators: true}
Session ID: ae7cdc3aa44f8f5bc7e258c3ee12734d
at java.base/jdk.internal.reflect.NativeConstructorAccessorImpl.newInstance0(Native Method)
at java.base/jdk.internal.reflect.NativeConstructorAccessorImpl.newInstance(NativeConstructorAccessorImpl.java:77)
at java.base/jdk.internal.reflect.DelegatingConstructorAccessorImpl.newInstance(DelegatingConstructorAccessorImpl.java:45)
at java.base/java.lang.reflect.Constructor.newInstanceWithCaller(Constructor.java:499)
at java.base/java.lang.reflect.Constructor.newInstance(Constructor.java:480)
at org.openqa.selenium.remote.codec.w3c.W3CHttpResponseCodec.createException(W3CHttpResponseCodec.java:200)
at org.openqa.selenium.remote.codec.w3c.W3CHttpResponseCodec.decode(W3CHttpResponseCodec.java:133)
at org.openqa.selenium.remote.codec.w3c.W3CHttpResponseCodec.decode(W3CHttpResponseCodec.java:53)
at org.openqa.selenium.remote.HttpCommandExecutor.execute(HttpCommandExecutor.java:184)
at org.openqa.selenium.remote.service.DriverCommandExecutor.invokeExecute(DriverCommandExecutor.java:167)
at org.openqa.selenium.remote.service.DriverCommandExecutor.execute(DriverCommandExecutor.java:142)
at org.openqa.selenium.remote.RemoteWebDriver.execute(RemoteWebDriver.java:535)
at org.openqa.selenium.remote.RemoteWebDriver.execute(RemoteWebDriver.java:590)
at org.openqa.selenium.remote.RemoteWebDriver.execute(RemoteWebDriver.java:594)
at org.openqa.selenium.remote.RemoteWebDriver$RemoteWebDriverOptions$RemoteWindow.maximize(RemoteWebDriver.java:946)
at utility_AssignmentTask_BlocksOne.Base_Class.aopen_Browser(Base_Class.java:35)
at java.base/jdk.internal.reflect.NativeMethodAccessorImpl.invoke0(Native Method)
at java.base/jdk.internal.reflect.NativeMethodAccessorImpl.invoke(NativeMethodAccessorImpl.java:77)
at java.base/jdk.internal.reflect.DelegatingMethodAccessorImpl.invoke(DelegatingMethodAccessorImpl.java:43)
at java.base/java.lang.reflect.Method.invoke(Method.java:568)
at org.testng.internal.MethodInvocationHelper.invokeMethod(MethodInvocationHelper.java:133)
at org.testng.internal.MethodInvocationHelper.invokeMethodConsideringTimeout(MethodInvocationHelper.java:62)
at org.testng.internal.ConfigInvoker.invokeConfigurationMethod(ConfigInvoker.java:385)
at org.testng.internal.ConfigInvoker.invokeConfigurations(ConfigInvoker.java:321)
at org.testng.internal.TestInvoker.runConfigMethods(TestInvoker.java:700)
at org.testng.internal.TestInvoker.invokeMethod(TestInvoker.java:527)
at org.testng.internal.TestInvoker.invokeTestMethod(TestInvoker.java:173)
at org.testng.internal.MethodRunner.runInSequence(MethodRunner.java:46)
at org.testng.internal.TestInvoker$MethodInvocationAgent.invoke(TestInvoker.java:824)
at org.testng.internal.TestInvoker.invokeTestMethods(TestInvoker.java:146)
at org.testng.internal.TestMethodWorker.invokeTestMethods(TestMethodWorker.java:146)
at org.testng.internal.TestMethodWorker.run(TestMethodWorker.java:128)
at java.base/java.util.ArrayList.forEach(ArrayList.java:1511)
at org.testng.TestRunner.privateRun(TestRunner.java:794)
at org.testng.TestRunner.run(TestRunner.java:596)
at org.testng.SuiteRunner.runTest(SuiteRunner.java:377)
at org.testng.SuiteRunner.runSequentially(SuiteRunner.java:371)
at org.testng.SuiteRunner.privateRun(SuiteRunner.java:332)
at org.testng.SuiteRunner.run(SuiteRunner.java:276)
at org.testng.SuiteRunnerWorker.runSuite(SuiteRunnerWorker.java:53)
at org.testng.SuiteRunnerWorker.run(SuiteRunnerWorker.java:96)
at org.testng.TestNG.runSuitesSequentially(TestNG.java:1212)
at org.testng.TestNG.runSuitesLocally(TestNG.java:1134)
at org.testng.TestNG.runSuites(TestNG.java:1063)
at org.testng.TestNG.run(TestNG.java:1031)
at org.testng.remote.AbstractRemoteTestNG.run(AbstractRemoteTestNG.java:115)
at org.testng.remote.RemoteTestNG.initAndRun(RemoteTestNG.java:251)
at org.testng.remote.RemoteTestNG.main(RemoteTestNG.java:77)
]]>
    </failure>
  </testcase> <!-- @BeforeMethod aopen_Browser -->
  <testcase classname="tests_AssignmentTask_BlocksOne.Test_Tabs" name="@BeforeMethod setUp" time="-1.722489771993E9">
    <skipped/>
  </testcase> <!-- @BeforeMethod setUp -->
  <testcase classname="utility_AssignmentTask_BlocksOne.Base_Class" name="@AfterMethod close_Browser" time="-1.722489772007E9">
    <skipped/>
  </testcase> <!-- @AfterMethod close_Browser -->
  <testcase classname="utility_AssignmentTask_BlocksOne.Base_Class" name="@BeforeMethod aopen_Browser" time="-1.722489772012E9">
    <skipped/>
  </testcase> <!-- @BeforeMethod aopen_Browser -->
  <testcase classname="tests_AssignmentTask_BlocksOne.Test_Tabs" name="@BeforeMethod setUp" time="-1.722489772017E9">
    <skipped/>
  </testcase> <!-- @BeforeMethod setUp -->
  <testcase classname="utility_AssignmentTask_BlocksOne.Base_Class" name="@AfterMethod close_Browser" time="-1.722489772033E9">
    <skipped/>
  </testcase> <!-- @AfterMethod close_Browser -->
  <testcase classname="utility_AssignmentTask_BlocksOne.Base_Class" name="@BeforeMethod aopen_Browser" time="-1.72248977204E9">
    <skipped/>
  </testcase> <!-- @BeforeMethod aopen_Browser -->
  <testcase classname="tests_AssignmentTask_BlocksOne.Test_Tabs" name="@BeforeMethod setUp" time="-1.722489772042E9">
    <skipped/>
  </testcase> <!-- @BeforeMethod setUp -->
  <testcase classname="utility_AssignmentTask_BlocksOne.Base_Class" name="@AfterMethod close_Browser" time="-1.722489772051E9">
    <skipped/>
  </testcase> <!-- @AfterMethod close_Browser -->
  <testcase classname="utility_AssignmentTask_BlocksOne.Base_Class" name="@BeforeMethod aopen_Browser" time="-1.722489772056E9">
    <skipped/>
  </testcase> <!-- @BeforeMethod aopen_Browser -->
  <testcase classname="tests_AssignmentTask_BlocksOne.Test_Tabs" name="@BeforeMethod setUp" time="-1.722489772058E9">
    <skipped/>
  </testcase> <!-- @BeforeMethod setUp -->
  <testcase classname="utility_AssignmentTask_BlocksOne.Base_Class" name="@AfterMethod close_Browser" time="-1.722489772073E9">
    <skipped/>
  </testcase> <!-- @AfterMethod close_Browser -->
  <testcase classname="utility_AssignmentTask_BlocksOne.Base_Class" name="@BeforeMethod aopen_Browser" time="-1.722489772075E9">
    <skipped/>
  </testcase> <!-- @BeforeMethod aopen_Browser -->
  <testcase classname="tests_AssignmentTask_BlocksOne.Test_Tabs" name="@BeforeMethod setUp" time="-1.722489772077E9">
    <skipped/>
  </testcase> <!-- @BeforeMethod setUp -->
  <testcase classname="utility_AssignmentTask_BlocksOne.Base_Class" name="@AfterMethod close_Browser" time="-1.722489772093E9">
    <skipped/>
  </testcase> <!-- @AfterMethod close_Browser -->
  <testcase classname="utility_AssignmentTask_BlocksOne.Base_Class" name="@BeforeMethod aopen_Browser" time="-1.722489772096E9">
    <skipped/>
  </testcase> <!-- @BeforeMethod aopen_Browser -->
  <testcase classname="tests_AssignmentTask_BlocksOne.Test_Tabs" name="@BeforeMethod setUp" time="-1.722489772098E9">
    <skipped/>
  </testcase> <!-- @BeforeMethod setUp -->
  <testcase classname="utility_AssignmentTask_BlocksOne.Base_Class" name="@AfterMethod close_Browser" time="-1.72248977211E9">
    <skipped/>
  </testcase> <!-- @AfterMethod close_Browser -->
  <testcase classname="utility_AssignmentTask_BlocksOne.Base_Class" name="@BeforeMethod aopen_Browser" time="-1.722489772113E9">
    <skipped/>
  </testcase> <!-- @BeforeMethod aopen_Browser -->
  <testcase classname="tests_AssignmentTask_BlocksOne.Test_Tabs" name="@BeforeMethod setUp" time="-1.722489772115E9">
    <skipped/>
  </testcase> <!-- @BeforeMethod setUp -->
  <testcase classname="utility_AssignmentTask_BlocksOne.Base_Class" name="@AfterMethod close_Browser" time="-1.722489772124E9">
    <skipped/>
  </testcase> <!-- @AfterMethod close_Browser -->
  <testcase classname="utility_AssignmentTask_BlocksOne.Base_Class" name="@BeforeMethod aopen_Browser" time="-1.722489772127E9">
    <skipped/>
  </testcase> <!-- @BeforeMethod aopen_Browser -->
  <testcase classname="tests_AssignmentTask_BlocksOne.Test_Tabs" name="@BeforeMethod setUp" time="-1.722489772129E9">
    <skipped/>
  </testcase> <!-- @BeforeMethod setUp -->
  <testcase classname="utility_AssignmentTask_BlocksOne.Base_Class" name="@AfterMethod close_Browser" time="-1.722489772136E9">
    <skipped/>
  </testcase> <!-- @AfterMethod close_Browser -->
  <testcase classname="utility_AssignmentTask_BlocksOne.Base_Class" name="@BeforeMethod aopen_Browser" time="-1.722489772148E9">
    <skipped/>
  </testcase> <!-- @BeforeMethod aopen_Browser -->
  <testcase classname="tests_AssignmentTask_BlocksOne.Test_Tabs" name="@BeforeMethod setUp" time="-1.722489772153E9">
    <skipped/>
  </testcase> <!-- @BeforeMethod setUp -->
  <testcase classname="utility_AssignmentTask_BlocksOne.Base_Class" name="@AfterMethod close_Browser" time="-1.722489772172E9">
    <skipped/>
  </testcase> <!-- @AfterMethod close_Browser -->
  <testcase classname="utility_AssignmentTask_BlocksOne.Base_Class" name="@BeforeMethod aopen_Browser" time="-1.722489772177E9">
    <skipped/>
  </testcase> <!-- @BeforeMethod aopen_Browser -->
  <testcase classname="tests_AssignmentTask_BlocksOne.Test_Tabs" name="@BeforeMethod setUp" time="-1.722489772183E9">
    <skipped/>
  </testcase> <!-- @BeforeMethod setUp -->
  <testcase classname="utility_AssignmentTask_BlocksOne.Base_Class" name="@AfterMethod close_Browser" time="-1.722489772195E9">
    <skipped/>
  </testcase> <!-- @AfterMethod close_Browser -->
  <testcase classname="tests_AssignmentTask_BlocksOne.Test_Tabs" name="verifyIndustryWeServe" time="0.0">
    <skipped/>
  </testcase> <!-- verifyIndustryWeServe -->
  <testcase classname="tests_AssignmentTask_BlocksOne.Test_Tabs" name="verifyLinksAboutUs" time="0.0">
    <skipped/>
  </testcase> <!-- verifyLinksAboutUs -->
  <testcase classname="tests_AssignmentTask_BlocksOne.Test_Tabs" name="verifyLinksCareers" time="0.001">
    <skipped/>
  </testcase> <!-- verifyLinksCareers -->
  <testcase classname="tests_AssignmentTask_BlocksOne.Test_Tabs" name="verifyLinksContactUs" time="0.0">
    <skipped/>
  </testcase> <!-- verifyLinksContactUs -->
  <testcase classname="tests_AssignmentTask_BlocksOne.Test_Tabs" name="verifyLinksServices" time="0.0">
    <skipped/>
  </testcase> <!-- verifyLinksServices -->
  <testcase classname="tests_AssignmentTask_BlocksOne.Test_Tabs" name="verifyNextAndPreviousButtons" time="0.0">
    <skipped/>
  </testcase> <!-- verifyNextAndPreviousButtons -->
  <testcase classname="tests_AssignmentTask_BlocksOne.Test_Tabs" name="verify_DiscoverServices" time="0.0">
    <skipped/>
  </testcase> <!-- verify_DiscoverServices -->
  <testcase classname="tests_AssignmentTask_BlocksOne.Test_Tabs" name="verify_ExlporeAllProductTab" time="0.0">
    <skipped/>
  </testcase> <!-- verify_ExlporeAllProductTab -->
  <testcase classname="tests_AssignmentTask_BlocksOne.Test_Tabs" name="verify_HomeTab" time="0.0">
    <skipped/>
  </testcase> <!-- verify_HomeTab -->
  <testcase classname="tests_AssignmentTask_BlocksOne.Test_Tabs" name="verify_ProductDropDown" time="0.0">
    <skipped/>
  </testcase> <!-- verify_ProductDropDown -->
</testsuite> <!-- Default test -->
